DEBUG 2014-08-05 10:46:13,012: 	 Checking credentials
DEBUG 2014-08-05 10:46:13,126: 	 Executing : 
 command : openssl x509 -in ~/.globus/usercert.pem -subject -noout
 output : subject= /C=IT/O=INFN/OU=Personal Certificate/L=Pisa/CN=Silvio Donato

 error: 
 retcode : 0
DEBUG 2014-08-05 10:46:13,127: 	 Getting proxy life time left
DEBUG 2014-08-05 10:46:14,335: 	 Executing : 
 command : voms-proxy-info -file /tmp/x509up_u33244 -timeleft
 output : 603346

 error: 
 retcode : 0
DEBUG 2014-08-05 10:46:15,344: 	 Executing : 
 command : voms-proxy-info -file /tmp/x509up_u33244 -actimeleft
 output : 603345

 error: 
 retcode : 0
DEBUG 2014-08-05 10:46:15,344: 	 Proxy is valid: 603346
DEBUG 2014-08-05 10:46:16,353: 	 Executing : 
 command : env X509_USER_PROXY=/tmp/x509up_u33244 voms-proxy-info -fqan
 output : /cms/Role=NULL/Capability=NULL

 error: 
 retcode : 0
DEBUG 2014-08-05 10:46:16,526: 	 Registering user credentials for server /DC=ch/DC=cern/OU=computers/CN=vocms(24[345]|3[136]|21).cern.ch
DEBUG 2014-08-05 10:46:16,640: 	 Executing : 
 command : openssl x509 -in ~/.globus/usercert.pem -subject -noout
 output : subject= /C=IT/O=INFN/OU=Personal Certificate/L=Pisa/CN=Silvio Donato

 error: 
 retcode : 0
DEBUG 2014-08-05 10:46:16,640: 	 Getting myproxy life time left for myproxy.cern.ch
DEBUG 2014-08-05 10:46:16,640: 	 Calculating hash of /C=IT/O=INFN/OU=Personal Certificate/L=Pisa/CN=Silvio Donato_cmsweb.cern.ch for credential name
DEBUG 2014-08-05 10:46:16,948: 	 Executing : 
 command : myproxy-info -l ba83456b0a7cd62221aac81e32531c20c7aedfd6 -s myproxy.cern.ch
 output : username: ba83456b0a7cd62221aac81e32531c20c7aedfd6
owner: /C=IT/O=INFN/OU=Personal Certificate/L=Pisa/CN=Silvio Donato
  renewal policy: /DC=ch/DC=cern/OU=computers/CN=vocms(24[345]|3[136]|21).cern.ch
  trusted retrieval policy: /DC=ch/DC=cern/OU=computers/CN=vocms(24[345]|3[136]|21).cern.ch
  timeleft: 719:39:35  (30.0 days)

 error: 
 retcode : 0
DEBUG 2014-08-05 10:46:16,950: 	 Myproxy is valid: 2590775
DEBUG 2014-08-05 10:46:16,951: 	 Command use: submit
DEBUG 2014-08-05 10:46:16,951: 	 Options use: ['-c', 'crab3_ZnnHbb.py']
DEBUG 2014-08-05 10:46:28,412: 	 CRABClient version: 3.3.7.patch2 Compatible
DEBUG 2014-08-05 10:46:28,412: 	 Instance is prod
DEBUG 2014-08-05 10:46:28,413: 	 Server base url is cmsweb.cern.ch
DEBUG 2014-08-05 10:46:28,413: 	 Command url /crabserver/prod/workflow
DEBUG 2014-08-05 10:46:28,413: 	 Started submission
DEBUG 2014-08-05 10:46:28,413: 	 Working on /afs/cern.ch/work/s/sdonato/NtupleL1July14/CMSSW_7_0_4/src/CRAB3/crab_projects/crab_ZnnHbbL1FlatPU_CRAB3
DEBUG 2014-08-05 10:46:28,649: 	 Found CMSSW_7_0_4 for slc6_amd64_gcc481 with base /afs/cern.ch/work/s/sdonato/NtupleL1July14/CMSSW_7_0_4
DEBUG 2014-08-05 10:46:28,699: 	 UNIQUE NAME: tarUUID c42574ed-9b9b-42d7-9488-1df7be523c2d 
DEBUG 2014-08-05 10:46:28,700: 	 self.config: from WMCore.Configuration import Configuration
config = Configuration()
config.section_('General')
config.General.workArea = 'crab_projects'
config.General.requestName = 'ZnnHbbL1FlatPU_CRAB3'
config.General.serverUrl = 'cmsweb.cern.ch'
config.section_('JobType')
config.JobType.psetName = 'ntuplerL1ZnnHbbFull.py'
config.JobType.pluginName = 'Analysis'
config.JobType.capath = '/etc/grid-security/certificates/'
config.JobType.proxyfilename = '/tmp/x509up_u33244'
config.JobType.filecacheurl = 'https://cmsweb.cern.ch/crabcache'
config.section_('Data')
config.Data.inputDataset = '/ZH_HToBB_ZToNuNu_M-125_13TeV_powheg-herwigpp/Spring14dr-Flat20to50_POSTLS170_V5-v1/GEN-SIM-RAW'
config.Data.totalUnits = -1
config.Data.unitsPerJob = 12
config.Data.splitting = 'FileBased'
config.Data.dbsUrl = 'global'
config.Data.publishDataName = 'ZnnHbbL1FlatPU_CRAB3'
config.Data.publication = True
config.section_('Site')
config.Site.storageSite = 'T2_IT_Pisa'

DEBUG 2014-08-05 10:46:28,700: 	 self.config.JobType.psetName: ntuplerL1ZnnHbbFull.py
DEBUG 2014-08-05 10:46:28,701: 	 Importing CMSSW config ntuplerL1ZnnHbbFull.py
DEBUG 2014-08-05 10:46:33,373: 	 TFiles ['ntupla2L1ZnnHbb.root'] and EDM Files [] will be collected
DEBUG 2014-08-05 10:46:33,373: 	 User files [] will be collected
DEBUG 2014-08-05 10:46:33,373: 	 Writing CMSSW config to /afs/cern.ch/work/s/sdonato/NtupleL1July14/CMSSW_7_0_4/src/CRAB3/crab_projects/crab_ZnnHbbL1FlatPU_CRAB3/inputs/CMSSW_cfg.py
DEBUG 2014-08-05 10:46:33,968: 	 Found CMSSW_7_0_4 for slc6_amd64_gcc481 with base /afs/cern.ch/work/s/sdonato/NtupleL1July14/CMSSW_7_0_4
DEBUG 2014-08-05 10:46:33,969: 	 Making tarball in /afs/cern.ch/work/s/sdonato/NtupleL1July14/CMSSW_7_0_4/src/CRAB3/crab_projects/crab_ZnnHbbL1FlatPU_CRAB3/inputs/c42574ed-9b9b-42d7-9488-1df7be523c2ddefault.tgz
DEBUG 2014-08-05 10:46:33,970: 	  checking directory /afs/cern.ch/work/s/sdonato/NtupleL1July14/CMSSW_7_0_4/lib
DEBUG 2014-08-05 10:46:33,970: 	  adding directory /afs/cern.ch/work/s/sdonato/NtupleL1July14/CMSSW_7_0_4/lib to tarball
DEBUG 2014-08-05 10:46:35,024: 	  checking directory /afs/cern.ch/work/s/sdonato/NtupleL1July14/CMSSW_7_0_4/module
DEBUG 2014-08-05 10:46:35,066: 	  adding data directory /afs/cern.ch/work/s/sdonato/NtupleL1July14/CMSSW_7_0_4/src/L1Trigger/RegionalCaloTrigger/data to tarball
DEBUG 2014-08-05 10:46:35,125: 	  adding data directory /afs/cern.ch/work/s/sdonato/NtupleL1July14/CMSSW_7_0_4/src/L1Trigger/RegionalCaloTrigger/test/data to tarball
DEBUG 2014-08-05 10:46:35,392: 	 tgz contents: [('lib', 0, 1405073781, 'sdonato'), ('lib/slc6_amd64_gcc481', 0, 1407166551, 'sdonato'), ('lib/slc6_amd64_gcc481/libDataFormatsL1CaloTrigger.so', 270135, 1405073945, 'sdonato'), ('lib/slc6_amd64_gcc481/pluginDataFormatsL1CaloTriggerCapabilities.so', 7758, 1405073957, 'sdonato'), ('lib/slc6_amd64_gcc481/DataFormatsL1CaloTriggerCapabilities.edmplugin', 53, 1405073957, 'sdonato'), ('lib/slc6_amd64_gcc481/libL1TriggerRegionalCaloTrigger.so', 167200, 1405073964, 'sdonato'), ('lib/slc6_amd64_gcc481/libL1TriggerUCT2015.so', 438282, 1405073964, 'sdonato'), ('lib/slc6_amd64_gcc481/pluginL1TriggerConfigL1ScalesProducers.so', 1045639, 1405073966, 'sdonato'), ('lib/slc6_amd64_gcc481/L1TriggerConfigL1ScalesProducers.edmplugin', 49, 1405073966, 'sdonato'), ('lib/slc6_amd64_gcc481/pluginNtuplerL1NtuplerL1Auto.so', 152568, 1407166547, 'sdonato'), ('lib/slc6_amd64_gcc481/NtuplerL1NtuplerL1Auto.edmplugin', 39, 1407166547, 'sdonato'), ('lib/slc6_amd64_gcc481/pluginL1TriggerRegionalCaloTriggerPlugins.so', 648544, 1405073968, 'sdonato'), ('lib/slc6_amd64_gcc481/L1TriggerRegionalCaloTriggerPlugins.edmplugin', 52, 1405073968, 'sdonato'), ('lib/slc6_amd64_gcc481/pluginL1TriggerUCT2015Capabilities.so', 11854, 1405073977, 'sdonato'), ('lib/slc6_amd64_gcc481/L1TriggerUCT2015Capabilities.edmplugin', 45, 1405073977, 'sdonato'), ('lib/slc6_amd64_gcc481/pluginL1TriggerUCT20125Plugins.so', 745691, 1405073987, 'sdonato'), ('lib/slc6_amd64_gcc481/L1TriggerUCT20125Plugins.edmplugin', 41, 1405073987, 'sdonato'), ('lib/slc6_amd64_gcc481/.edmplugincache', 7675, 1407166551, 'sdonato'), ('src/L1Trigger/RegionalCaloTrigger/data', 0, 1405073849, 'sdonato'), ('src/L1Trigger/RegionalCaloTrigger/data/RCTHcalScaleFactors.txt', 147, 1405073848, 'sdonato'), ('src/L1Trigger/RegionalCaloTrigger/data/RCTLUTParameters.txt', 269, 1405073848, 'sdonato'), ('src/L1Trigger/RegionalCaloTrigger/data/TPGcalc.txt', 56807, 1405073848, 'sdonato'), ('src/L1Trigger/RegionalCaloTrigger/data/maskEcalGren1.txt', 21038, 1405073848, 'sdonato'), ('src/L1Trigger/RegionalCaloTrigger/data/maskEcalGren2.txt', 21038, 1405073848, 'sdonato'), ('src/L1Trigger/RegionalCaloTrigger/data/maskHcalGren.txt', 21039, 1405073848, 'sdonato'), ('src/L1Trigger/RegionalCaloTrigger/data/patternTestEcal.txt', 269, 1405073848, 'sdonato'), ('src/L1Trigger/RegionalCaloTrigger/data/patternTestEcalZeroes.txt', 269, 1405073848, 'sdonato'), ('src/L1Trigger/RegionalCaloTrigger/data/patternTestHcal.txt', 147, 1405073848, 'sdonato'), ('src/L1Trigger/RegionalCaloTrigger/data/patternTestHcalZeroes.txt', 147, 1405073848, 'sdonato'), ('src/L1Trigger/RegionalCaloTrigger/data/rct-input-1.dat', 16423, 1405073848, 'sdonato'), ('src/L1Trigger/RegionalCaloTrigger/data/rct-input-2.dat', 16428, 1405073848, 'sdonato'), ('src/L1Trigger/RegionalCaloTrigger/data/rct-input-3.dat', 16423, 1405073848, 'sdonato'), ('src/L1Trigger/RegionalCaloTrigger/data/rct-input-4.dat', 16434, 1405073848, 'sdonato'), ('src/L1Trigger/RegionalCaloTrigger/data/rct-input-5.dat', 16425, 1405073849, 'sdonato'), ('src/L1Trigger/RegionalCaloTrigger/data/rct-input-6.dat', 16423, 1405073849, 'sdonato'), ('src/L1Trigger/RegionalCaloTrigger/data/rct-input-7.dat', 16424, 1405073849, 'sdonato'), ('src/L1Trigger/RegionalCaloTrigger/data/rct-input-8.dat', 16422, 1405073849, 'sdonato'), ('src/L1Trigger/RegionalCaloTrigger/data/rct-input-9.dat', 16442, 1405073849, 'sdonato'), ('src/L1Trigger/RegionalCaloTrigger/test/data', 0, 1405073852, 'sdonato'), ('src/L1Trigger/RegionalCaloTrigger/test/data/TPGcalcDecompress2Identity.txt', 37696, 1405073852, 'sdonato'), ('src/L1Trigger/RegionalCaloTrigger/test/data/emptyMask.txt', 22383, 1405073852, 'sdonato'), ('src/L1Trigger/RegionalCaloTrigger/test/data/testMaskOutEtaMinus.txt', 22383, 1405073852, 'sdonato'), ('PSet.py', 101, 1407228393, 'sdonato'), ('PSet.pkl', 565062, 1407228393, 'sdonato')]
DEBUG 2014-08-05 10:46:35,392: 	 MD5 checksum: f18eae0fe64f04f92e94c23e32d7abd5
DEBUG 2014-08-05 10:46:35,415: 	  uploading archive to cache /afs/cern.ch/work/s/sdonato/NtupleL1July14/CMSSW_7_0_4/src/CRAB3/crab_projects/crab_ZnnHbbL1FlatPU_CRAB3/inputs/c42574ed-9b9b-42d7-9488-1df7be523c2ddefault.tgz 
DEBUG 2014-08-05 10:46:35,847: 	 Result uploading input files: ('https://cmsweb.cern.ch/crabcache', 'da3d70e1c67f17e44606a36e1c8eed697628df4cc445df808b7e9f2d024dbe82.tar.gz', 'f18eae0fe64f04f92e94c23e32d7abd5') 
INFO 2014-08-05 10:46:35,847: 	 Sending the request to the server
DEBUG 2014-08-05 10:46:35,848: 	 Submitting {'ignorelocality': 0, 'workflow': 'crab_ZnnHbbL1FlatPU_CRAB3', 'cacheurl': 'https://cmsweb.cern.ch/crabcache', 'publishname': 'ZnnHbbL1FlatPU_CRAB3-f18eae0fe64f04f92e94c23e32d7abd5', 'savelogsflag': 0, 'nonprodsw': 0, 'tfileoutfiles': ['ntupla2L1ZnnHbb.root'], 'asyncdest': 'T2_IT_Pisa', 'oneEventMode': 0, 'algoargs': 12, 'saveoutput': 1, 'totalunits': -1, 'cachefilename': 'da3d70e1c67f17e44606a36e1c8eed697628df4cc445df808b7e9f2d024dbe82.tar.gz', 'jobarch': 'slc6_amd64_gcc481', 'publication': 1, 'splitalgo': 'FileBased', 'publishdbsurl': 'https://cmsweb.cern.ch/dbs/prod/phys03/DBSWriter', 'jobsw': 'CMSSW_7_0_4', 'dbsurl': 'https://cmsweb.cern.ch/dbs/prod/global/DBSReader', 'addoutputfiles': [], 'edmoutfiles': [], 'adduserfiles': [], 'inputdata': '/ZH_HToBB_ZToNuNu_M-125_13TeV_powheg-herwigpp/Spring14dr-Flat20to50_POSTLS170_V5-v1/GEN-SIM-RAW', 'jobtype': 'Analysis'} 
DEBUG 2014-08-05 10:46:35,848: 	 Encoded submit request: ignorelocality=0&workflow=crab_ZnnHbbL1FlatPU_CRAB3&cacheurl=https%3A%2F%2Fcmsweb.cern.ch%2Fcrabcache&publishname=ZnnHbbL1FlatPU_CRAB3-f18eae0fe64f04f92e94c23e32d7abd5&savelogsflag=0&nonprodsw=0&asyncdest=T2_IT_Pisa&oneEventMode=0&algoargs=12&saveoutput=1&totalunits=-1&cachefilename=da3d70e1c67f17e44606a36e1c8eed697628df4cc445df808b7e9f2d024dbe82.tar.gz&jobarch=slc6_amd64_gcc481&publication=1&splitalgo=FileBased&publishdbsurl=https%3A%2F%2Fcmsweb.cern.ch%2Fdbs%2Fprod%2Fphys03%2FDBSWriter&jobsw=CMSSW_7_0_4&dbsurl=https%3A%2F%2Fcmsweb.cern.ch%2Fdbs%2Fprod%2Fglobal%2FDBSReader&inputdata=%2FZH_HToBB_ZToNuNu_M-125_13TeV_powheg-herwigpp%2FSpring14dr-Flat20to50_POSTLS170_V5-v1%2FGEN-SIM-RAW&jobtype=Analysis&tfileoutfiles=ntupla2L1ZnnHbb.root
DEBUG 2014-08-05 10:46:47,916: 	 Result: {'result': [{'RequestName': '140805_084647_crab3test-4:sdonato_crab_ZnnHbbL1FlatPU_CRAB3'}]}
INFO 2014-08-05 10:46:47,920: 	 [92mSuccess[0m: Your task has been delivered to the CRAB3 server.
INFO 2014-08-05 10:46:47,920: 	 Please use 'crab status' to check how the submission process proceed
DEBUG 2014-08-05 10:46:47,920: 	 Request ID: 140805_084647_crab3test-4:sdonato_crab_ZnnHbbL1FlatPU_CRAB3 
INFO 2014-08-05 10:46:47,920: 	 Log file is /afs/cern.ch/work/s/sdonato/NtupleL1July14/CMSSW_7_0_4/src/CRAB3/crab_projects/crab_ZnnHbbL1FlatPU_CRAB3/crab.log
DEBUG 2014-08-05 10:47:08,366: 	 Checking credentials
DEBUG 2014-08-05 10:47:08,500: 	 Executing : 
 command : openssl x509 -in ~/.globus/usercert.pem -subject -noout
 output : subject= /C=IT/O=INFN/OU=Personal Certificate/L=Pisa/CN=Silvio Donato

 error: 
 retcode : 0
DEBUG 2014-08-05 10:47:08,501: 	 Getting proxy life time left
DEBUG 2014-08-05 10:47:09,509: 	 Executing : 
 command : voms-proxy-info -file /tmp/x509up_u33244 -timeleft
 output : 603291

 error: 
 retcode : 0
DEBUG 2014-08-05 10:47:10,518: 	 Executing : 
 command : voms-proxy-info -file /tmp/x509up_u33244 -actimeleft
 output : 603290

 error: 
 retcode : 0
DEBUG 2014-08-05 10:47:10,518: 	 Proxy is valid: 603291
DEBUG 2014-08-05 10:47:11,528: 	 Executing : 
 command : env X509_USER_PROXY=/tmp/x509up_u33244 voms-proxy-info -fqan
 output : /cms/Role=NULL/Capability=NULL

 error: 
 retcode : 0
DEBUG 2014-08-05 10:47:11,716: 	 Registering user credentials for server /DC=ch/DC=cern/OU=computers/CN=vocms(24[345]|3[136]|21).cern.ch
DEBUG 2014-08-05 10:47:15,141: 	 Executing : 
 command : openssl x509 -in ~/.globus/usercert.pem -subject -noout
 output : subject= /C=IT/O=INFN/OU=Personal Certificate/L=Pisa/CN=Silvio Donato

 error: 
 retcode : 0
DEBUG 2014-08-05 10:47:15,141: 	 Getting myproxy life time left for myproxy.cern.ch
DEBUG 2014-08-05 10:47:15,141: 	 Calculating hash of /C=IT/O=INFN/OU=Personal Certificate/L=Pisa/CN=Silvio Donato_cmsweb.cern.ch for credential name
DEBUG 2014-08-05 10:47:16,150: 	 Executing : 
 command : myproxy-info -l ba83456b0a7cd62221aac81e32531c20c7aedfd6 -s myproxy.cern.ch
 output : username: ba83456b0a7cd62221aac81e32531c20c7aedfd6
owner: /C=IT/O=INFN/OU=Personal Certificate/L=Pisa/CN=Silvio Donato
  renewal policy: /DC=ch/DC=cern/OU=computers/CN=vocms(24[345]|3[136]|21).cern.ch
  trusted retrieval policy: /DC=ch/DC=cern/OU=computers/CN=vocms(24[345]|3[136]|21).cern.ch
  timeleft: 719:38:35  (30.0 days)

 error: 
 retcode : 0
DEBUG 2014-08-05 10:47:16,152: 	 Myproxy is valid: 2590715
DEBUG 2014-08-05 10:47:16,152: 	 Command use: status
DEBUG 2014-08-05 10:47:16,152: 	 Options use: []
DEBUG 2014-08-05 10:47:16,317: 	 CRABClient version: 3.3.7.patch2 Compatible
DEBUG 2014-08-05 10:47:16,317: 	 Instance is prod
DEBUG 2014-08-05 10:47:16,318: 	 Server base url is cmsweb.cern.ch
DEBUG 2014-08-05 10:47:16,318: 	 Command url /crabserver/prod/workflow
DEBUG 2014-08-05 10:47:16,318: 	 Looking up detailed status of task 140805_084647_crab3test-4:sdonato_crab_ZnnHbbL1FlatPU_CRAB3
DEBUG 2014-08-05 10:47:16,448: 	 {'status': 'QUEUED', 'saveLogs': 'F', 'totalJobdefs': 0, 'jobSetID': '', 'jobsPerStatus': {}, 'taskFailureMsg': '', 'failedJobdefs': 0, 'jobdefErrors': [], 'jobList': []}
INFO 2014-08-05 10:47:16,448: 	 Task name:			140805_084647_crab3test-4:sdonato_crab_ZnnHbbL1FlatPU_CRAB3
INFO 2014-08-05 10:47:16,448: 	 Task status:			QUEUED
INFO 2014-08-05 10:47:16,449: 	 
ERROR 2014-08-05 10:47:16,449: 	 No publication information available yet
INFO 2014-08-05 10:47:16,449: 	 
No jobs created yet!
INFO 2014-08-05 10:47:16,449: 	 Log file is /afs/cern.ch/work/s/sdonato/NtupleL1July14/CMSSW_7_0_4/src/CRAB3/crab_projects/crab_ZnnHbbL1FlatPU_CRAB3/crab.log
DEBUG 2014-08-05 10:56:51,722: 	 Checking credentials
DEBUG 2014-08-05 10:56:51,842: 	 Executing : 
 command : openssl x509 -in ~/.globus/usercert.pem -subject -noout
 output : subject= /C=IT/O=INFN/OU=Personal Certificate/L=Pisa/CN=Silvio Donato

 error: 
 retcode : 0
DEBUG 2014-08-05 10:56:51,843: 	 Getting proxy life time left
DEBUG 2014-08-05 10:56:52,950: 	 Executing : 
 command : voms-proxy-info -file /tmp/x509up_u33244 -timeleft
 output : 602708

 error: 
 retcode : 0
DEBUG 2014-08-05 10:56:54,380: 	 Executing : 
 command : voms-proxy-info -file /tmp/x509up_u33244 -actimeleft
 output : 602706

 error: 
 retcode : 0
DEBUG 2014-08-05 10:56:54,381: 	 Proxy is valid: 602708
DEBUG 2014-08-05 10:56:55,391: 	 Executing : 
 command : env X509_USER_PROXY=/tmp/x509up_u33244 voms-proxy-info -fqan
 output : /cms/Role=NULL/Capability=NULL

 error: 
 retcode : 0
DEBUG 2014-08-05 10:57:01,181: 	 Registering user credentials for server /DC=ch/DC=cern/OU=computers/CN=vocms(24[345]|3[136]|21).cern.ch
DEBUG 2014-08-05 10:57:01,299: 	 Executing : 
 command : openssl x509 -in ~/.globus/usercert.pem -subject -noout
 output : subject= /C=IT/O=INFN/OU=Personal Certificate/L=Pisa/CN=Silvio Donato

 error: 
 retcode : 0
DEBUG 2014-08-05 10:57:01,300: 	 Getting myproxy life time left for myproxy.cern.ch
DEBUG 2014-08-05 10:57:01,300: 	 Calculating hash of /C=IT/O=INFN/OU=Personal Certificate/L=Pisa/CN=Silvio Donato_cmsweb.cern.ch for credential name
DEBUG 2014-08-05 10:57:01,707: 	 Executing : 
 command : myproxy-info -l ba83456b0a7cd62221aac81e32531c20c7aedfd6 -s myproxy.cern.ch
 output : username: ba83456b0a7cd62221aac81e32531c20c7aedfd6
owner: /C=IT/O=INFN/OU=Personal Certificate/L=Pisa/CN=Silvio Donato
  renewal policy: /DC=ch/DC=cern/OU=computers/CN=vocms(24[345]|3[136]|21).cern.ch
  trusted retrieval policy: /DC=ch/DC=cern/OU=computers/CN=vocms(24[345]|3[136]|21).cern.ch
  timeleft: 719:28:50  (30.0 days)

 error: 
 retcode : 0
DEBUG 2014-08-05 10:57:01,709: 	 Myproxy is valid: 2590130
DEBUG 2014-08-05 10:57:01,709: 	 Command use: status
DEBUG 2014-08-05 10:57:01,710: 	 Options use: ['-t', 'crab_projects/crab_ZnnHbbL1FlatPU_CRAB3/']
DEBUG 2014-08-05 10:57:01,835: 	 CRABClient version: 3.3.7.patch2 Compatible
DEBUG 2014-08-05 10:57:01,835: 	 Instance is prod
DEBUG 2014-08-05 10:57:01,835: 	 Server base url is cmsweb.cern.ch
DEBUG 2014-08-05 10:57:01,835: 	 Command url /crabserver/prod/workflow
DEBUG 2014-08-05 10:57:01,835: 	 Looking up detailed status of task 140805_084647_crab3test-4:sdonato_crab_ZnnHbbL1FlatPU_CRAB3
DEBUG 2014-08-05 10:57:10,868: 	 {'status': 'SUBMITTED', 'totalJobdefs': 0, 'jobSetID': '140805_084647_crab3test-4:sdonato_crab_ZnnHbbL1FlatPU_CRAB3', 'publication': {}, 'jobsPerStatus': {'running': 10}, 'taskFailureMsg': '', 'failedJobdefs': 0, 'jobList': [['running', 10], ['running', 1], ['running', 3], ['running', 2], ['running', 5], ['running', 4], ['running', 7], ['running', 6], ['running', 9], ['running', 8]], 'jobs': {'10': {'State': 'running'}, '1': {'State': 'running'}, '3': {'State': 'running'}, '2': {'State': 'running'}, '5': {'State': 'running'}, '4': {'State': 'running'}, '7': {'State': 'running'}, '6': {'State': 'running'}, '9': {'State': 'running'}, '8': {'State': 'running'}}, 'jobdefErrors': [], 'outdatasets': [], 'pool': {}}
INFO 2014-08-05 10:57:10,869: 	 Task name:			140805_084647_crab3test-4:sdonato_crab_ZnnHbbL1FlatPU_CRAB3
INFO 2014-08-05 10:57:10,869: 	 Task status:			SUBMITTED
INFO 2014-08-05 10:57:10,869: 	 Glidemon monitoring URL:	http://glidemon.web.cern.ch/glidemon/jobs.php?taskname=140805_084647_crab3test-4%3Asdonato_crab_ZnnHbbL1FlatPU_CRAB3
INFO 2014-08-05 10:57:10,869: 	 Dashboard monitoring URL:	http://dashb-cms-job.cern.ch/dashboard/templates/task-analysis/#user=sdonato&refresh=0&table=Jobs&p=1&records=25&activemenu=2&status=&site=&tid=140805_084647_crab3test-4%3Asdonato_crab_ZnnHbbL1FlatPU_CRAB3
INFO 2014-08-05 10:57:10,870: 	 Details:			[92mrunning      [0m 100.0% ([92m10[0m/10)
INFO 2014-08-05 10:57:10,870: 	 
ERROR 2014-08-05 10:57:10,870: 	 No publication information available yet
INFO 2014-08-05 10:57:10,870: 	 Log file is /afs/cern.ch/work/s/sdonato/NtupleL1July14/CMSSW_7_0_4/src/CRAB3/crab_projects/crab_ZnnHbbL1FlatPU_CRAB3/crab.log
