DEBUG 2014-08-05 17:12:27,790: 	 Checking credentials
DEBUG 2014-08-05 17:12:27,911: 	 Executing : 
 command : openssl x509 -in ~/.globus/usercert.pem -subject -noout
 output : subject= /C=IT/O=INFN/OU=Personal Certificate/L=Pisa/CN=Silvio Donato

 error: 
 retcode : 0
DEBUG 2014-08-05 17:12:27,912: 	 Getting proxy life time left
DEBUG 2014-08-05 17:12:28,927: 	 Executing : 
 command : voms-proxy-info -file /tmp/x509up_u33244 -timeleft
 output : 85907

 error: 
 retcode : 0
DEBUG 2014-08-05 17:12:30,544: 	 Executing : 
 command : voms-proxy-info -file /tmp/x509up_u33244 -actimeleft
 output : 85904

 error: 
 retcode : 0
DEBUG 2014-08-05 17:12:30,545: 	 Proxy is valid: 85907
DEBUG 2014-08-05 17:12:31,667: 	 Executing : 
 command : env X509_USER_PROXY=/tmp/x509up_u33244 voms-proxy-info -fqan
 output : /cms/Role=NULL/Capability=NULL

 error: 
 retcode : 0
DEBUG 2014-08-05 17:12:31,860: 	 Registering user credentials for server /DC=ch/DC=cern/OU=computers/CN=vocms(24[345]|3[136]|21).cern.ch
DEBUG 2014-08-05 17:12:31,976: 	 Executing : 
 command : openssl x509 -in ~/.globus/usercert.pem -subject -noout
 output : subject= /C=IT/O=INFN/OU=Personal Certificate/L=Pisa/CN=Silvio Donato

 error: 
 retcode : 0
DEBUG 2014-08-05 17:12:31,977: 	 Getting myproxy life time left for myproxy.cern.ch
DEBUG 2014-08-05 17:12:31,977: 	 Calculating hash of /C=IT/O=INFN/OU=Personal Certificate/L=Pisa/CN=Silvio Donato_cmsweb.cern.ch for credential name
DEBUG 2014-08-05 17:12:32,385: 	 Executing : 
 command : myproxy-info -l ba83456b0a7cd62221aac81e32531c20c7aedfd6 -s myproxy.cern.ch
 output : username: ba83456b0a7cd62221aac81e32531c20c7aedfd6
owner: /C=IT/O=INFN/OU=Personal Certificate/L=Pisa/CN=Silvio Donato
  renewal policy: /DC=ch/DC=cern/OU=computers/CN=vocms(24[345]|3[136]|21).cern.ch
  trusted retrieval policy: /DC=ch/DC=cern/OU=computers/CN=vocms(24[345]|3[136]|21).cern.ch
  timeleft: 713:13:19  (29.7 days)

 error: 
 retcode : 0
DEBUG 2014-08-05 17:12:32,387: 	 Myproxy is valid: 2567599
DEBUG 2014-08-05 17:12:32,388: 	 Command use: submit
DEBUG 2014-08-05 17:12:32,388: 	 Options use: ['-c', 'crab3_ZnnHbbAOD.py']
DEBUG 2014-08-05 17:12:39,469: 	 CRABClient version: 3.3.7.patch2 Compatible
DEBUG 2014-08-05 17:12:39,469: 	 Instance is prod
DEBUG 2014-08-05 17:12:39,469: 	 Server base url is cmsweb.cern.ch
DEBUG 2014-08-05 17:12:39,469: 	 Command url /crabserver/prod/workflow
DEBUG 2014-08-05 17:12:39,469: 	 Started submission
DEBUG 2014-08-05 17:12:39,470: 	 Working on /afs/cern.ch/work/s/sdonato/NtupleL1July14/CMSSW_7_0_4/src/CRAB3/crab_projects/crab_ZnnHbbL1FlatPUFromAODSIM_CRAB3
DEBUG 2014-08-05 17:12:53,564: 	 Found CMSSW_7_0_4 for slc6_amd64_gcc481 with base /afs/cern.ch/work/s/sdonato/NtupleL1July14/CMSSW_7_0_4
DEBUG 2014-08-05 17:12:53,623: 	 UNIQUE NAME: tarUUID e79e1ef8-c31f-49db-93b6-989006a00004 
DEBUG 2014-08-05 17:12:53,624: 	 self.config: from WMCore.Configuration import Configuration
config = Configuration()
config.section_('General')
config.General.workArea = 'crab_projects'
config.General.requestName = 'ZnnHbbL1FlatPUFromAODSIM_CRAB3'
config.General.serverUrl = 'cmsweb.cern.ch'
config.section_('JobType')
config.JobType.psetName = 'ntuplerL1ZnnHbbAODSIM.py'
config.JobType.pluginName = 'Analysis'
config.JobType.capath = '/etc/grid-security/certificates/'
config.JobType.proxyfilename = '/tmp/x509up_u33244'
config.JobType.filecacheurl = 'https://cmsweb.cern.ch/crabcache'
config.section_('Data')
config.Data.inputDataset = '/ZH_HToBB_ZToNuNu_M-125_13TeV_powheg-herwigpp/Spring14dr-Flat20to50_POSTLS170_V5-v1/GEN-SIM-RAW'
config.Data.totalUnits = -1
config.Data.unitsPerJob = 12
config.Data.splitting = 'FileBased'
config.Data.dbsUrl = 'global'
config.Data.publishDataName = 'ZnnHbbL1FlatPUFromAODSIM_CRAB3'
config.Data.publication = True
config.section_('Site')
config.Site.storageSite = 'T2_IT_Pisa'

DEBUG 2014-08-05 17:12:53,624: 	 self.config.JobType.psetName: ntuplerL1ZnnHbbAODSIM.py
DEBUG 2014-08-05 17:12:53,624: 	 Importing CMSSW config ntuplerL1ZnnHbbAODSIM.py
DEBUG 2014-08-05 17:12:59,384: 	 TFiles ['ntuplaL1ZnnHbbFromAODSIM.root'] and EDM Files [] will be collected
DEBUG 2014-08-05 17:12:59,385: 	 User files [] will be collected
DEBUG 2014-08-05 17:12:59,385: 	 Writing CMSSW config to /afs/cern.ch/work/s/sdonato/NtupleL1July14/CMSSW_7_0_4/src/CRAB3/crab_projects/crab_ZnnHbbL1FlatPUFromAODSIM_CRAB3/inputs/CMSSW_cfg.py
DEBUG 2014-08-05 17:13:00,158: 	 Found CMSSW_7_0_4 for slc6_amd64_gcc481 with base /afs/cern.ch/work/s/sdonato/NtupleL1July14/CMSSW_7_0_4
DEBUG 2014-08-05 17:13:00,159: 	 Making tarball in /afs/cern.ch/work/s/sdonato/NtupleL1July14/CMSSW_7_0_4/src/CRAB3/crab_projects/crab_ZnnHbbL1FlatPUFromAODSIM_CRAB3/inputs/e79e1ef8-c31f-49db-93b6-989006a00004default.tgz
DEBUG 2014-08-05 17:13:00,161: 	  checking directory /afs/cern.ch/work/s/sdonato/NtupleL1July14/CMSSW_7_0_4/lib
DEBUG 2014-08-05 17:13:00,161: 	  adding directory /afs/cern.ch/work/s/sdonato/NtupleL1July14/CMSSW_7_0_4/lib to tarball
DEBUG 2014-08-05 17:13:01,452: 	  checking directory /afs/cern.ch/work/s/sdonato/NtupleL1July14/CMSSW_7_0_4/module
DEBUG 2014-08-05 17:13:01,607: 	  adding data directory /afs/cern.ch/work/s/sdonato/NtupleL1July14/CMSSW_7_0_4/src/L1Trigger/RegionalCaloTrigger/data to tarball
DEBUG 2014-08-05 17:13:01,682: 	  adding data directory /afs/cern.ch/work/s/sdonato/NtupleL1July14/CMSSW_7_0_4/src/L1Trigger/RegionalCaloTrigger/test/data to tarball
DEBUG 2014-08-05 17:13:02,358: 	 tgz contents: [('lib', 0, 1405073781, 'sdonato'), ('lib/slc6_amd64_gcc481', 0, 1407248620, 'sdonato'), ('lib/slc6_amd64_gcc481/libDataFormatsL1CaloTrigger.so', 270135, 1405073945, 'sdonato'), ('lib/slc6_amd64_gcc481/pluginDataFormatsL1CaloTriggerCapabilities.so', 7758, 1405073957, 'sdonato'), ('lib/slc6_amd64_gcc481/DataFormatsL1CaloTriggerCapabilities.edmplugin', 53, 1405073957, 'sdonato'), ('lib/slc6_amd64_gcc481/libL1TriggerRegionalCaloTrigger.so', 167200, 1405073964, 'sdonato'), ('lib/slc6_amd64_gcc481/libL1TriggerUCT2015.so', 438282, 1405073964, 'sdonato'), ('lib/slc6_amd64_gcc481/pluginL1TriggerConfigL1ScalesProducers.so', 1045639, 1405073966, 'sdonato'), ('lib/slc6_amd64_gcc481/L1TriggerConfigL1ScalesProducers.edmplugin', 49, 1405073966, 'sdonato'), ('lib/slc6_amd64_gcc481/pluginNtuplerL1NtuplerL1Auto.so', 208604, 1407248614, 'sdonato'), ('lib/slc6_amd64_gcc481/NtuplerL1NtuplerL1Auto.edmplugin', 39, 1407248614, 'sdonato'), ('lib/slc6_amd64_gcc481/pluginL1TriggerRegionalCaloTriggerPlugins.so', 648544, 1405073968, 'sdonato'), ('lib/slc6_amd64_gcc481/L1TriggerRegionalCaloTriggerPlugins.edmplugin', 52, 1405073968, 'sdonato'), ('lib/slc6_amd64_gcc481/pluginL1TriggerUCT2015Capabilities.so', 11854, 1405073977, 'sdonato'), ('lib/slc6_amd64_gcc481/L1TriggerUCT2015Capabilities.edmplugin', 45, 1405073977, 'sdonato'), ('lib/slc6_amd64_gcc481/pluginL1TriggerUCT20125Plugins.so', 745691, 1405073987, 'sdonato'), ('lib/slc6_amd64_gcc481/L1TriggerUCT20125Plugins.edmplugin', 41, 1405073987, 'sdonato'), ('lib/slc6_amd64_gcc481/.edmplugincache', 7839, 1407248620, 'sdonato'), ('src/L1Trigger/RegionalCaloTrigger/data', 0, 1405073849, 'sdonato'), ('src/L1Trigger/RegionalCaloTrigger/data/RCTHcalScaleFactors.txt', 147, 1405073848, 'sdonato'), ('src/L1Trigger/RegionalCaloTrigger/data/RCTLUTParameters.txt', 269, 1405073848, 'sdonato'), ('src/L1Trigger/RegionalCaloTrigger/data/TPGcalc.txt', 56807, 1405073848, 'sdonato'), ('src/L1Trigger/RegionalCaloTrigger/data/maskEcalGren1.txt', 21038, 1405073848, 'sdonato'), ('src/L1Trigger/RegionalCaloTrigger/data/maskEcalGren2.txt', 21038, 1405073848, 'sdonato'), ('src/L1Trigger/RegionalCaloTrigger/data/maskHcalGren.txt', 21039, 1405073848, 'sdonato'), ('src/L1Trigger/RegionalCaloTrigger/data/patternTestEcal.txt', 269, 1405073848, 'sdonato'), ('src/L1Trigger/RegionalCaloTrigger/data/patternTestEcalZeroes.txt', 269, 1405073848, 'sdonato'), ('src/L1Trigger/RegionalCaloTrigger/data/patternTestHcal.txt', 147, 1405073848, 'sdonato'), ('src/L1Trigger/RegionalCaloTrigger/data/patternTestHcalZeroes.txt', 147, 1405073848, 'sdonato'), ('src/L1Trigger/RegionalCaloTrigger/data/rct-input-1.dat', 16423, 1405073848, 'sdonato'), ('src/L1Trigger/RegionalCaloTrigger/data/rct-input-2.dat', 16428, 1405073848, 'sdonato'), ('src/L1Trigger/RegionalCaloTrigger/data/rct-input-3.dat', 16423, 1405073848, 'sdonato'), ('src/L1Trigger/RegionalCaloTrigger/data/rct-input-4.dat', 16434, 1405073848, 'sdonato'), ('src/L1Trigger/RegionalCaloTrigger/data/rct-input-5.dat', 16425, 1405073849, 'sdonato'), ('src/L1Trigger/RegionalCaloTrigger/data/rct-input-6.dat', 16423, 1405073849, 'sdonato'), ('src/L1Trigger/RegionalCaloTrigger/data/rct-input-7.dat', 16424, 1405073849, 'sdonato'), ('src/L1Trigger/RegionalCaloTrigger/data/rct-input-8.dat', 16422, 1405073849, 'sdonato'), ('src/L1Trigger/RegionalCaloTrigger/data/rct-input-9.dat', 16442, 1405073849, 'sdonato'), ('src/L1Trigger/RegionalCaloTrigger/test/data', 0, 1405073852, 'sdonato'), ('src/L1Trigger/RegionalCaloTrigger/test/data/TPGcalcDecompress2Identity.txt', 37696, 1405073852, 'sdonato'), ('src/L1Trigger/RegionalCaloTrigger/test/data/emptyMask.txt', 22383, 1405073852, 'sdonato'), ('src/L1Trigger/RegionalCaloTrigger/test/data/testMaskOutEtaMinus.txt', 22383, 1405073852, 'sdonato'), ('PSet.py', 101, 1407251580, 'sdonato'), ('PSet.pkl', 641089, 1407251580, 'sdonato')]
DEBUG 2014-08-05 17:13:02,359: 	 MD5 checksum: fd5e78ac83fd49b81a0edff891b914a4
DEBUG 2014-08-05 17:13:02,409: 	  uploading archive to cache /afs/cern.ch/work/s/sdonato/NtupleL1July14/CMSSW_7_0_4/src/CRAB3/crab_projects/crab_ZnnHbbL1FlatPUFromAODSIM_CRAB3/inputs/e79e1ef8-c31f-49db-93b6-989006a00004default.tgz 
DEBUG 2014-08-05 17:13:02,967: 	 Result uploading input files: ('https://cmsweb.cern.ch/crabcache', '46315fd3bd333f26a99e7889e753bc37797d4c2cbf1750405b852fc4dcb820f4.tar.gz', 'fd5e78ac83fd49b81a0edff891b914a4') 
INFO 2014-08-05 17:13:02,967: 	 Sending the request to the server
DEBUG 2014-08-05 17:13:02,967: 	 Submitting {'ignorelocality': 0, 'workflow': 'crab_ZnnHbbL1FlatPUFromAODSIM_CRAB3', 'cacheurl': 'https://cmsweb.cern.ch/crabcache', 'publishname': 'ZnnHbbL1FlatPUFromAODSIM_CRAB3-fd5e78ac83fd49b81a0edff891b914a4', 'savelogsflag': 0, 'nonprodsw': 0, 'tfileoutfiles': ['ntuplaL1ZnnHbbFromAODSIM.root'], 'asyncdest': 'T2_IT_Pisa', 'oneEventMode': 0, 'algoargs': 12, 'saveoutput': 1, 'totalunits': -1, 'cachefilename': '46315fd3bd333f26a99e7889e753bc37797d4c2cbf1750405b852fc4dcb820f4.tar.gz', 'jobarch': 'slc6_amd64_gcc481', 'publication': 1, 'splitalgo': 'FileBased', 'publishdbsurl': 'https://cmsweb.cern.ch/dbs/prod/phys03/DBSWriter', 'jobsw': 'CMSSW_7_0_4', 'dbsurl': 'https://cmsweb.cern.ch/dbs/prod/global/DBSReader', 'addoutputfiles': [], 'edmoutfiles': [], 'adduserfiles': [], 'inputdata': '/ZH_HToBB_ZToNuNu_M-125_13TeV_powheg-herwigpp/Spring14dr-Flat20to50_POSTLS170_V5-v1/GEN-SIM-RAW', 'jobtype': 'Analysis'} 
DEBUG 2014-08-05 17:13:02,968: 	 Encoded submit request: ignorelocality=0&workflow=crab_ZnnHbbL1FlatPUFromAODSIM_CRAB3&cacheurl=https%3A%2F%2Fcmsweb.cern.ch%2Fcrabcache&publishname=ZnnHbbL1FlatPUFromAODSIM_CRAB3-fd5e78ac83fd49b81a0edff891b914a4&savelogsflag=0&nonprodsw=0&asyncdest=T2_IT_Pisa&oneEventMode=0&algoargs=12&saveoutput=1&totalunits=-1&cachefilename=46315fd3bd333f26a99e7889e753bc37797d4c2cbf1750405b852fc4dcb820f4.tar.gz&jobarch=slc6_amd64_gcc481&publication=1&splitalgo=FileBased&publishdbsurl=https%3A%2F%2Fcmsweb.cern.ch%2Fdbs%2Fprod%2Fphys03%2FDBSWriter&jobsw=CMSSW_7_0_4&dbsurl=https%3A%2F%2Fcmsweb.cern.ch%2Fdbs%2Fprod%2Fglobal%2FDBSReader&inputdata=%2FZH_HToBB_ZToNuNu_M-125_13TeV_powheg-herwigpp%2FSpring14dr-Flat20to50_POSTLS170_V5-v1%2FGEN-SIM-RAW&jobtype=Analysis&tfileoutfiles=ntuplaL1ZnnHbbFromAODSIM.root
DEBUG 2014-08-05 17:13:15,785: 	 Result: {'result': [{'RequestName': '140805_151315_crab3test-3:sdonato_crab_ZnnHbbL1FlatPUFromAODSIM_CRAB3'}]}
INFO 2014-08-05 17:13:15,788: 	 [92mSuccess[0m: Your task has been delivered to the CRAB3 server.
INFO 2014-08-05 17:13:15,788: 	 Please use 'crab status' to check how the submission process proceed
DEBUG 2014-08-05 17:13:15,788: 	 Request ID: 140805_151315_crab3test-3:sdonato_crab_ZnnHbbL1FlatPUFromAODSIM_CRAB3 
INFO 2014-08-05 17:13:15,788: 	 Log file is /afs/cern.ch/work/s/sdonato/NtupleL1July14/CMSSW_7_0_4/src/CRAB3/crab_projects/crab_ZnnHbbL1FlatPUFromAODSIM_CRAB3/crab.log
DEBUG 2014-08-05 17:21:38,636: 	 Checking credentials
DEBUG 2014-08-05 17:21:39,359: 	 Executing : 
 command : openssl x509 -in ~/.globus/usercert.pem -subject -noout
 output : subject= /C=IT/O=INFN/OU=Personal Certificate/L=Pisa/CN=Silvio Donato

 error: 
 retcode : 0
DEBUG 2014-08-05 17:21:39,360: 	 Getting proxy life time left
DEBUG 2014-08-05 17:21:41,353: 	 Executing : 
 command : voms-proxy-info -file /tmp/x509up_u33244 -timeleft
 output : 85354

 error: 
 retcode : 0
DEBUG 2014-08-05 17:21:43,784: 	 Executing : 
 command : voms-proxy-info -file /tmp/x509up_u33244 -actimeleft
 output : 85351

 error: 
 retcode : 0
DEBUG 2014-08-05 17:21:43,785: 	 Proxy is valid: 85354
DEBUG 2014-08-05 17:21:47,390: 	 Executing : 
 command : env X509_USER_PROXY=/tmp/x509up_u33244 voms-proxy-info -fqan
 output : /cms/Role=NULL/Capability=NULL

 error: 
 retcode : 0
DEBUG 2014-08-05 17:21:47,618: 	 Registering user credentials for server /DC=ch/DC=cern/OU=computers/CN=vocms(24[345]|3[136]|21).cern.ch
DEBUG 2014-08-05 17:21:47,793: 	 Executing : 
 command : openssl x509 -in ~/.globus/usercert.pem -subject -noout
 output : subject= /C=IT/O=INFN/OU=Personal Certificate/L=Pisa/CN=Silvio Donato

 error: 
 retcode : 0
DEBUG 2014-08-05 17:21:47,794: 	 Getting myproxy life time left for myproxy.cern.ch
DEBUG 2014-08-05 17:21:47,794: 	 Calculating hash of /C=IT/O=INFN/OU=Personal Certificate/L=Pisa/CN=Silvio Donato_cmsweb.cern.ch for credential name
DEBUG 2014-08-05 17:21:48,449: 	 Executing : 
 command : myproxy-info -l ba83456b0a7cd62221aac81e32531c20c7aedfd6 -s myproxy.cern.ch
 output : username: ba83456b0a7cd62221aac81e32531c20c7aedfd6
owner: /C=IT/O=INFN/OU=Personal Certificate/L=Pisa/CN=Silvio Donato
  renewal policy: /DC=ch/DC=cern/OU=computers/CN=vocms(24[345]|3[136]|21).cern.ch
  trusted retrieval policy: /DC=ch/DC=cern/OU=computers/CN=vocms(24[345]|3[136]|21).cern.ch
  timeleft: 713:04:03  (29.7 days)

 error: 
 retcode : 0
DEBUG 2014-08-05 17:21:48,451: 	 Myproxy is valid: 2567043
DEBUG 2014-08-05 17:21:48,451: 	 Command use: status
DEBUG 2014-08-05 17:21:48,451: 	 Options use: ['crab_projects/crab_ZnnHbbL1FlatPUFromAODSIM_CRAB3/']
DEBUG 2014-08-05 17:21:48,703: 	 CRABClient version: 3.3.7.patch2 Compatible
DEBUG 2014-08-05 17:21:48,703: 	 Instance is prod
DEBUG 2014-08-05 17:21:48,703: 	 Server base url is cmsweb.cern.ch
DEBUG 2014-08-05 17:21:48,703: 	 Command url /crabserver/prod/workflow
DEBUG 2014-08-05 17:21:48,703: 	 Looking up detailed status of task 140805_151315_crab3test-3:sdonato_crab_ZnnHbbL1FlatPUFromAODSIM_CRAB3
DEBUG 2014-08-05 17:22:06,446: 	 {'status': 'SUBMITTED', 'totalJobdefs': 0, 'jobSetID': '140805_151315_crab3test-3:sdonato_crab_ZnnHbbL1FlatPUFromAODSIM_CRAB3', 'publication': {}, 'jobsPerStatus': {'running': 4, 'unsubmitted': 6}, 'taskFailureMsg': '', 'failedJobdefs': 0, 'jobList': [['unsubmitted', 10], ['running', 1], ['running', 3], ['running', 2], ['unsubmitted', 5], ['running', 4], ['unsubmitted', 7], ['unsubmitted', 6], ['unsubmitted', 9], ['unsubmitted', 8]], 'jobs': {'10': {'State': 'unsubmitted'}, '1': {'State': 'running'}, '3': {'State': 'running'}, '2': {'State': 'running'}, '5': {'State': 'unsubmitted'}, '4': {'State': 'running'}, '7': {'State': 'unsubmitted'}, '6': {'State': 'unsubmitted'}, '9': {'State': 'unsubmitted'}, '8': {'State': 'unsubmitted'}}, 'jobdefErrors': [], 'outdatasets': [], 'pool': {}}
INFO 2014-08-05 17:22:06,447: 	 Task name:			140805_151315_crab3test-3:sdonato_crab_ZnnHbbL1FlatPUFromAODSIM_CRAB3
INFO 2014-08-05 17:22:06,447: 	 Task status:			SUBMITTED
INFO 2014-08-05 17:22:06,447: 	 Glidemon monitoring URL:	http://glidemon.web.cern.ch/glidemon/jobs.php?taskname=140805_151315_crab3test-3%3Asdonato_crab_ZnnHbbL1FlatPUFromAODSIM_CRAB3
INFO 2014-08-05 17:22:06,447: 	 Dashboard monitoring URL:	http://dashb-cms-job.cern.ch/dashboard/templates/task-analysis/#user=sdonato&refresh=0&table=Jobs&p=1&records=25&activemenu=2&status=&site=&tid=140805_151315_crab3test-3%3Asdonato_crab_ZnnHbbL1FlatPUFromAODSIM_CRAB3
INFO 2014-08-05 17:22:06,448: 	 Details:			[92mrunning      [0m  40.0% ([92m 4[0m/10)
INFO 2014-08-05 17:22:06,448: 	 				[90munsubmitted  [0m  60.0% ([90m 6[0m/10)
INFO 2014-08-05 17:22:06,448: 	 
ERROR 2014-08-05 17:22:06,448: 	 No publication information available yet
INFO 2014-08-05 17:22:06,448: 	 Log file is /afs/cern.ch/work/s/sdonato/NtupleL1July14/CMSSW_7_0_4/src/CRAB3/crab_projects/crab_ZnnHbbL1FlatPUFromAODSIM_CRAB3/crab.log
DEBUG 2014-08-05 17:47:12,364: 	 Checking credentials
DEBUG 2014-08-05 17:47:12,752: 	 Executing : 
 command : openssl x509 -in ~/.globus/usercert.pem -subject -noout
 output : subject= /C=IT/O=INFN/OU=Personal Certificate/L=Pisa/CN=Silvio Donato

 error: 
 retcode : 0
DEBUG 2014-08-05 17:47:12,753: 	 Getting proxy life time left
DEBUG 2014-08-05 17:47:14,587: 	 Executing : 
 command : voms-proxy-info -file /tmp/x509up_u33244 -timeleft
 output : 83821

 error: 
 retcode : 0
DEBUG 2014-08-05 17:47:16,822: 	 Executing : 
 command : voms-proxy-info -file /tmp/x509up_u33244 -actimeleft
 output : 83818

 error: 
 retcode : 0
DEBUG 2014-08-05 17:47:16,823: 	 Proxy is valid: 83821
DEBUG 2014-08-05 17:47:17,845: 	 Executing : 
 command : env X509_USER_PROXY=/tmp/x509up_u33244 voms-proxy-info -fqan
 output : /cms/Role=NULL/Capability=NULL

 error: 
 retcode : 0
DEBUG 2014-08-05 17:47:18,539: 	 Registering user credentials for server /DC=ch/DC=cern/OU=computers/CN=vocms(24[345]|3[136]|21).cern.ch
DEBUG 2014-08-05 17:47:18,656: 	 Executing : 
 command : openssl x509 -in ~/.globus/usercert.pem -subject -noout
 output : subject= /C=IT/O=INFN/OU=Personal Certificate/L=Pisa/CN=Silvio Donato

 error: 
 retcode : 0
DEBUG 2014-08-05 17:47:18,656: 	 Getting myproxy life time left for myproxy.cern.ch
DEBUG 2014-08-05 17:47:18,656: 	 Calculating hash of /C=IT/O=INFN/OU=Personal Certificate/L=Pisa/CN=Silvio Donato_cmsweb.cern.ch for credential name
DEBUG 2014-08-05 17:47:19,070: 	 Executing : 
 command : myproxy-info -l ba83456b0a7cd62221aac81e32531c20c7aedfd6 -s myproxy.cern.ch
 output : username: ba83456b0a7cd62221aac81e32531c20c7aedfd6
owner: /C=IT/O=INFN/OU=Personal Certificate/L=Pisa/CN=Silvio Donato
  renewal policy: /DC=ch/DC=cern/OU=computers/CN=vocms(24[345]|3[136]|21).cern.ch
  trusted retrieval policy: /DC=ch/DC=cern/OU=computers/CN=vocms(24[345]|3[136]|21).cern.ch
  timeleft: 712:38:33  (29.7 days)

 error: 
 retcode : 0
DEBUG 2014-08-05 17:47:19,073: 	 Myproxy is valid: 2565513
DEBUG 2014-08-05 17:47:19,073: 	 Command use: status
DEBUG 2014-08-05 17:47:19,073: 	 Options use: ['crab_projects/crab_ZnnHbbL1FlatPUFromAODSIM_CRAB3/']
DEBUG 2014-08-05 17:47:26,154: 	 CRABClient version: 3.3.7.patch2 Compatible
DEBUG 2014-08-05 17:47:26,154: 	 Instance is prod
DEBUG 2014-08-05 17:47:26,154: 	 Server base url is cmsweb.cern.ch
DEBUG 2014-08-05 17:47:26,154: 	 Command url /crabserver/prod/workflow
DEBUG 2014-08-05 17:47:26,155: 	 Looking up detailed status of task 140805_151315_crab3test-3:sdonato_crab_ZnnHbbL1FlatPUFromAODSIM_CRAB3
DEBUG 2014-08-05 17:48:15,715: 	 {'status': 'FAILED', 'totalJobdefs': 0, 'jobSetID': '140805_151315_crab3test-3:sdonato_crab_ZnnHbbL1FlatPUFromAODSIM_CRAB3', 'publication': {}, 'jobsPerStatus': {'failed': 1, 'running': 6, 'transferring': 2, 'cooloff': 1}, 'taskFailureMsg': '', 'failedJobdefs': 0, 'jobList': [['running', 10], ['failed', 1], ['cooloff', 3], ['transferring', 2], ['running', 5], ['transferring', 4], ['running', 7], ['running', 6], ['running', 9], ['running', 8]], 'jobs': {'10': {'State': 'running'}, '1': {'State': 'failed'}, '3': {'State': 'cooloff'}, '2': {'State': 'transferring'}, '5': {'State': 'running'}, '4': {'State': 'transferring'}, '7': {'State': 'running'}, '6': {'State': 'running'}, '9': {'State': 'running'}, '8': {'State': 'running'}}, 'jobdefErrors': [], 'outdatasets': [], 'pool': {}}
INFO 2014-08-05 17:48:15,715: 	 Task name:			140805_151315_crab3test-3:sdonato_crab_ZnnHbbL1FlatPUFromAODSIM_CRAB3
INFO 2014-08-05 17:48:15,716: 	 Task status:			FAILED
INFO 2014-08-05 17:48:15,716: 	 Glidemon monitoring URL:	http://glidemon.web.cern.ch/glidemon/jobs.php?taskname=140805_151315_crab3test-3%3Asdonato_crab_ZnnHbbL1FlatPUFromAODSIM_CRAB3
INFO 2014-08-05 17:48:15,716: 	 Dashboard monitoring URL:	http://dashb-cms-job.cern.ch/dashboard/templates/task-analysis/#user=sdonato&refresh=0&table=Jobs&p=1&records=25&activemenu=2&status=&site=&tid=140805_151315_crab3test-3%3Asdonato_crab_ZnnHbbL1FlatPUFromAODSIM_CRAB3
INFO 2014-08-05 17:48:15,716: 	 Details:			[0mcooloff      [0m  10.0% ([0m 1[0m/10)
INFO 2014-08-05 17:48:15,716: 	 				[91mfailed       [0m  10.0% ([91m 1[0m/10)
INFO 2014-08-05 17:48:15,717: 	 				[92mrunning      [0m  60.0% ([92m 6[0m/10)
INFO 2014-08-05 17:48:15,717: 	 				[0mtransferring [0m  20.0% ([0m 2[0m/10)
INFO 2014-08-05 17:48:15,717: 	 
ERROR 2014-08-05 17:48:15,717: 	 No publication information available yet
INFO 2014-08-05 17:48:15,717: 	 Log file is /afs/cern.ch/work/s/sdonato/NtupleL1July14/CMSSW_7_0_4/src/CRAB3/crab_projects/crab_ZnnHbbL1FlatPUFromAODSIM_CRAB3/crab.log
